
                <xml>
                    <ToUserName><![CDATA[ofbIy0VNh6HO5oyb_KeiEhr_3u0Y]]></ToUserName>
                    <FromUserName><![CDATA[gh_b827f4c8bbc0]]></FromUserName>
                    <CreateTime>1585925985</CreateTime>
                    <MsgType><![CDATA[text]]></MsgType>
                    <Content><![CDATA[手机 1361-192-2613]]></Content>
                </xml>
                
                <xml>
                    <ToUserName><![CDATA[ofbIy0VNh6HO5oyb_KeiEhr_3u0Y]]></ToUserName>
                    <FromUserName><![CDATA[gh_b827f4c8bbc0]]></FromUserName>
                    <CreateTime>1585925988</CreateTime>
                    <MsgType><![CDATA[image]]></MsgType>
                    <Image>
                      <MediaId><![CDATA[0lnYB7HUqcTGRp-jtM_VJpNm6KeWcWcztRBrLNj2MttZktIpwsHlKhwdeEmT26QP]]></MediaId>
                    </Image>
                </xml>
                
                <xml>
                    <ToUserName><![CDATA[ofbIy0VNh6HO5oyb_KeiEhr_3u0Y]]></ToUserName>
                    <FromUserName><![CDATA[gh_b827f4c8bbc0]]></FromUserName>
                    <CreateTime>1585926079</CreateTime>
                    <MsgType><![CDATA[text]]></MsgType>
                    <Content><![CDATA[手机 1361-192-2613]]></Content>
                </xml>
                
                <xml>
                    <ToUserName><![CDATA[ofbIy0VNh6HO5oyb_KeiEhr_3u0Y]]></ToUserName>
                    <FromUserName><![CDATA[gh_b827f4c8bbc0]]></FromUserName>
                    <CreateTime>1585926093</CreateTime>
                    <MsgType><![CDATA[image]]></MsgType>
                    <Image>
                      <MediaId><![CDATA[Jmxt05vZ0eQvN1ajeDsr15KbfTdZDRBdYztpz6qF8-F1fHmdNtbzok6b_4BU-PCc]]></MediaId>
                    </Image>
                </xml>
                